2023-04-01 21:59:15.000565 ~[ CONSOLE ] - Ponto de Disparo, fazendo login.
2023-04-01 21:59:22.850048 ~[ CONSOLE ] - Acesso permitido ao Leilao!
2023-04-01 21:59:22.850048 ~[ CONSOLE ] PREÇO ATUAL 20000
2023-04-01 21:59:26.022633 ~[ CONSOLE ] - Login Realizado
2023-04-01 21:59:55.000724 ~[ CONSOLE ] - Licitação feita - Reiniciando..
2023-04-01 22:59:15.000448 ~[ CONSOLE ] - Ponto de Disparo, fazendo login.
2023-04-01 22:59:17.950587 ~[ CONSOLE ] - Login Realizado
2023-04-01 22:59:17.950587 ~[ CONSOLE ] - Acesso permitido ao Leilao!
2023-04-01 22:59:17.950587 ~[ CONSOLE ] PREÇO ATUAL 70000
2023-04-02 08:59:15.000070 ~[ CONSOLE ] - Ponto de Disparo, fazendo login.
2023-04-02 08:59:18.594272 ~[ CONSOLE ] - Login Realizado
2023-04-02 08:59:18.594272 ~[ CONSOLE ] - Acesso permitido ao Leilao!
2023-04-02 08:59:18.594272 ~[ CONSOLE ] PREÇO ATUAL 10000
2023-04-02 08:59:58.000135 ~[ CONSOLE ] - Licitação feita - Reiniciando..
2023-04-02 09:59:15.000486 ~[ CONSOLE ] - Ponto de Disparo, fazendo login.
2023-04-02 09:59:17.911289 ~[ CONSOLE ] - Login Realizado
2023-04-02 09:59:17.911289 ~[ CONSOLE ] - Acesso permitido ao Leilao!
2023-04-02 09:59:17.911289 ~[ CONSOLE ] PREÇO ATUAL 1000000
2023-04-02 10:59:15.000981 ~[ CONSOLE ] - Ponto de Disparo, fazendo login.
2023-04-02 10:59:18.247549 ~[ CONSOLE ] - Login Realizado
2023-04-02 10:59:18.247549 ~[ CONSOLE ] - Acesso permitido ao Leilao!
2023-04-02 10:59:18.247549 ~[ CONSOLE ] PREÇO ATUAL 10000
2023-04-02 10:59:58.000763 ~[ CONSOLE ] - Licitação feita - Reiniciando..
2023-04-02 14:59:15.008207 ~[ CONSOLE ] - Ponto de Disparo, fazendo login.
2023-04-02 14:59:19.074626 ~[ CONSOLE ] - Login Realizado
2023-04-02 14:59:19.074626 ~[ CONSOLE ] - Acesso permitido ao Leilao!
2023-04-02 14:59:19.074626 ~[ CONSOLE ] PREÇO ATUAL 1000000
2023-04-02 15:59:15.006348 ~[ CONSOLE ] - Ponto de Disparo, fazendo login.
2023-04-02 15:59:18.043056 ~[ CONSOLE ] - Login Realizado
2023-04-02 15:59:18.043056 ~[ CONSOLE ] - Acesso permitido ao Leilao!
2023-04-02 15:59:18.043056 ~[ CONSOLE ] PREÇO ATUAL 100000
2023-04-02 16:59:15.009361 ~[ CONSOLE ] - Ponto de Disparo, fazendo login.
2023-04-02 16:59:18.355490 ~[ CONSOLE ] - Login Realizado
2023-04-02 16:59:18.355490 ~[ CONSOLE ] - Acesso permitido ao Leilao!
2023-04-02 16:59:18.355490 ~[ CONSOLE ] PREÇO ATUAL 100000
2023-04-02 17:59:15.006170 ~[ CONSOLE ] - Ponto de Disparo, fazendo login.
2023-04-02 17:59:18.334937 ~[ CONSOLE ] - Login Realizado
2023-04-02 17:59:18.334937 ~[ CONSOLE ] - Acesso permitido ao Leilao!
2023-04-02 17:59:18.334937 ~[ CONSOLE ] PREÇO ATUAL 30000
2023-04-02 17:59:58.002726 ~[ CONSOLE ] - Licitação feita - Reiniciando..
2023-04-02 18:59:15.002361 ~[ CONSOLE ] - Ponto de Disparo, fazendo login.
2023-04-02 18:59:19.513877 ~[ CONSOLE ] - Login Realizado
2023-04-02 18:59:19.513877 ~[ CONSOLE ] - Acesso permitido ao Leilao!
2023-04-02 18:59:19.513877 ~[ CONSOLE ] PREÇO ATUAL 50000
2023-04-02 18:59:58.012174 ~[ CONSOLE ] - Licitação feita - Reiniciando..
2023-04-02 19:59:15.000790 ~[ CONSOLE ] - Ponto de Disparo, fazendo login.
2023-04-02 19:59:20.395343 ~[ CONSOLE ] - Login Realizado
2023-04-02 19:59:20.395343 ~[ CONSOLE ] - Acesso permitido ao Leilao!
2023-04-02 19:59:20.395343 ~[ CONSOLE ] PREÇO ATUAL 610000
2023-04-02 20:59:15.000591 ~[ CONSOLE ] - Ponto de Disparo, fazendo login.
2023-04-02 20:59:19.892831 ~[ CONSOLE ] - Login Realizado
2023-04-02 20:59:19.892831 ~[ CONSOLE ] - Acesso permitido ao Leilao!
2023-04-02 20:59:19.892831 ~[ CONSOLE ] PREÇO ATUAL 1000000
2023-04-02 21:59:15.001101 ~[ CONSOLE ] - Ponto de Disparo, fazendo login.
2023-04-02 21:59:19.526178 ~[ CONSOLE ] - Login Realizado
2023-04-02 21:59:19.526178 ~[ CONSOLE ] - Acesso permitido ao Leilao!
2023-04-02 21:59:19.526178 ~[ CONSOLE ] PREÇO ATUAL 10000
2023-04-02 21:59:58.010283 ~[ CONSOLE ] - Licitação feita - Reiniciando..
2023-04-02 22:59:15.014948 ~[ CONSOLE ] - Ponto de Disparo, fazendo login.
2023-04-02 22:59:18.279875 ~[ CONSOLE ] - Login Realizado
2023-04-02 22:59:18.279875 ~[ CONSOLE ] - Acesso permitido ao Leilao!
2023-04-02 22:59:18.279875 ~[ CONSOLE ] PREÇO ATUAL 20000
2023-04-02 22:59:58.002335 ~[ CONSOLE ] - Licitação feita - Reiniciando..
2023-04-02 23:59:15.010708 ~[ CONSOLE ] - Ponto de Disparo, fazendo login.
2023-04-02 23:59:18.071981 ~[ CONSOLE ] - Login Realizado
2023-04-02 23:59:18.071981 ~[ CONSOLE ] - Acesso permitido ao Leilao!
2023-04-02 23:59:18.071981 ~[ CONSOLE ] PREÇO ATUAL 30000
2023-04-02 23:59:58.001425 ~[ CONSOLE ] - Licitação feita - Reiniciando..
2023-04-03 08:59:15.000307 ~[ CONSOLE ] - Ponto de Disparo, fazendo login.
2023-04-03 08:59:18.368300 ~[ CONSOLE ] - Login Realizado
2023-04-03 08:59:18.368300 ~[ CONSOLE ] - Acesso permitido ao Leilao!
2023-04-03 08:59:18.368300 ~[ CONSOLE ] PREÇO ATUAL 170000
2023-04-03 09:59:15.011921 ~[ CONSOLE ] - Ponto de Disparo, fazendo login.
2023-04-03 09:59:18.582775 ~[ CONSOLE ] - Login Realizado
2023-04-03 09:59:18.582775 ~[ CONSOLE ] - Acesso permitido ao Leilao!
2023-04-03 09:59:18.582775 ~[ CONSOLE ] PREÇO ATUAL 0
2023-04-03 09:59:58.002526 ~[ CONSOLE ] - Licitação feita - Reiniciando..
2023-04-03 10:59:15.000904 ~[ CONSOLE ] - Ponto de Disparo, fazendo login.
2023-04-03 10:59:18.345284 ~[ CONSOLE ] - Login Realizado
2023-04-03 10:59:18.345284 ~[ CONSOLE ] - Acesso permitido ao Leilao!
2023-04-03 10:59:18.345284 ~[ CONSOLE ] PREÇO ATUAL 20000
2023-04-03 10:59:58.011265 ~[ CONSOLE ] - Licitação feita - Reiniciando..
2023-04-03 16:59:15.002179 ~[ CONSOLE ] - Ponto de Disparo, fazendo login.
2023-04-04 07:59:15.012352 ~[ CONSOLE ] - Ponto de Disparo, fazendo login.
2023-04-04 07:59:18.201995 ~[ CONSOLE ] - Login Realizado
2023-04-04 07:59:18.201995 ~[ CONSOLE ] - Acesso permitido ao Leilao!
2023-04-04 07:59:18.201995 ~[ CONSOLE ] PREÇO ATUAL 20000
2023-04-04 07:59:58.014927 ~[ CONSOLE ] - Licitação feita - Reiniciando..
2023-04-04 08:59:15.005558 ~[ CONSOLE ] - Ponto de Disparo, fazendo login.
2023-04-04 08:59:18.526183 ~[ CONSOLE ] - Login Realizado
2023-04-04 08:59:18.526183 ~[ CONSOLE ] - Acesso permitido ao Leilao!
2023-04-04 08:59:18.526183 ~[ CONSOLE ] PREÇO ATUAL 40000
2023-04-04 08:59:58.013591 ~[ CONSOLE ] - Licitação feita - Reiniciando..
2023-04-04 09:59:15.012374 ~[ CONSOLE ] - Ponto de Disparo, fazendo login.
2023-04-04 09:59:18.899560 ~[ CONSOLE ] - Login Realizado
2023-04-04 09:59:18.899560 ~[ CONSOLE ] - Acesso permitido ao Leilao!
2023-04-04 09:59:18.899560 ~[ CONSOLE ] PREÇO ATUAL 60000
2023-04-04 09:59:58.011394 ~[ CONSOLE ] - Licitação feita - Reiniciando..
2023-04-04 10:59:15.003005 ~[ CONSOLE ] - Ponto de Disparo, fazendo login.
2023-04-04 10:59:18.265467 ~[ CONSOLE ] - Login Realizado
2023-04-04 10:59:18.265467 ~[ CONSOLE ] - Acesso permitido ao Leilao!
2023-04-04 10:59:18.265467 ~[ CONSOLE ] PREÇO ATUAL 180000
2023-04-04 11:59:15.001944 ~[ CONSOLE ] - Ponto de Disparo, fazendo login.
2023-04-04 11:59:18.070041 ~[ CONSOLE ] - Login Realizado
2023-04-04 11:59:18.070041 ~[ CONSOLE ] - Acesso permitido ao Leilao!
2023-04-04 11:59:18.070041 ~[ CONSOLE ] PREÇO ATUAL 1000000
